INFO - 2023-05-06 07:36:41 --> Session: Class initialized using 'CodeIgniter\Session\Handlers\FileHandler' driver.
INFO - 2023-05-06 07:36:52 --> Session: Class initialized using 'CodeIgniter\Session\Handlers\FileHandler' driver.
INFO - 2023-05-06 07:40:03 --> Session: Class initialized using 'CodeIgniter\Session\Handlers\FileHandler' driver.
INFO - 2023-05-06 07:40:31 --> Session: Class initialized using 'CodeIgniter\Session\Handlers\FileHandler' driver.
INFO - 2023-05-06 07:41:11 --> Session: Class initialized using 'CodeIgniter\Session\Handlers\FileHandler' driver.
INFO - 2023-05-06 07:41:39 --> Session: Class initialized using 'CodeIgniter\Session\Handlers\FileHandler' driver.
INFO - 2023-05-06 07:46:45 --> Session: Class initialized using 'CodeIgniter\Session\Handlers\FileHandler' driver.
INFO - 2023-05-06 07:48:05 --> Session: Class initialized using 'CodeIgniter\Session\Handlers\FileHandler' driver.
INFO - 2023-05-06 07:49:57 --> Session: Class initialized using 'CodeIgniter\Session\Handlers\FileHandler' driver.
INFO - 2023-05-06 07:50:07 --> Session: Class initialized using 'CodeIgniter\Session\Handlers\FileHandler' driver.
INFO - 2023-05-06 07:50:37 --> Session: Class initialized using 'CodeIgniter\Session\Handlers\FileHandler' driver.
INFO - 2023-05-06 07:52:13 --> Session: Class initialized using 'CodeIgniter\Session\Handlers\FileHandler' driver.
INFO - 2023-05-06 07:52:35 --> Session: Class initialized using 'CodeIgniter\Session\Handlers\FileHandler' driver.
INFO - 2023-05-06 07:52:53 --> Session: Class initialized using 'CodeIgniter\Session\Handlers\FileHandler' driver.
INFO - 2023-05-06 07:53:39 --> Session: Class initialized using 'CodeIgniter\Session\Handlers\FileHandler' driver.
INFO - 2023-05-06 07:54:36 --> Session: Class initialized using 'CodeIgniter\Session\Handlers\FileHandler' driver.
INFO - 2023-05-06 07:55:12 --> Session: Class initialized using 'CodeIgniter\Session\Handlers\FileHandler' driver.
INFO - 2023-05-06 07:57:04 --> Session: Class initialized using 'CodeIgniter\Session\Handlers\FileHandler' driver.
INFO - 2023-05-06 07:58:52 --> Session: Class initialized using 'CodeIgniter\Session\Handlers\FileHandler' driver.
INFO - 2023-05-06 08:01:02 --> Session: Class initialized using 'CodeIgniter\Session\Handlers\FileHandler' driver.
INFO - 2023-05-06 08:02:03 --> Session: Class initialized using 'CodeIgniter\Session\Handlers\FileHandler' driver.
INFO - 2023-05-06 08:04:50 --> Session: Class initialized using 'CodeIgniter\Session\Handlers\FileHandler' driver.
INFO - 2023-05-06 08:05:14 --> Session: Class initialized using 'CodeIgniter\Session\Handlers\FileHandler' driver.
INFO - 2023-05-06 08:05:24 --> Session: Class initialized using 'CodeIgniter\Session\Handlers\FileHandler' driver.
ERROR - 2023-05-06 08:58:17 --> mysqli_sql_exception: Duplicate entry '6217dc581ffac05b1d7b96d4-vn3HzmqaUDe5N3NKjfnlV' for key 'PRIMARY' in C:\xampp\htdocs\extracredit\system\Database\MySQLi\Connection.php:295
Stack trace:
#0 C:\xampp\htdocs\extracredit\system\Database\MySQLi\Connection.php(295): mysqli->query('INSERT INTO vis...', 0)
#1 C:\xampp\htdocs\extracredit\system\Database\BaseConnection.php(691): CodeIgniter\Database\MySQLi\Connection->execute('INSERT INTO vis...')
#2 C:\xampp\htdocs\extracredit\system\Database\BaseConnection.php(605): CodeIgniter\Database\BaseConnection->simpleQuery('INSERT INTO vis...')
#3 C:\xampp\htdocs\extracredit\app\Models\VisitorModel.php(24): CodeIgniter\Database\BaseConnection->query('INSERT INTO vis...', Array)
#4 C:\xampp\htdocs\extracredit\app\Models\JsonModel.php(33): App\Models\VisitorModel->saveVisitor(Array)
#5 C:\xampp\htdocs\extracredit\app\Controllers\Upload.php(34): App\Models\JsonModel->saveJson(Array)
#6 C:\xampp\htdocs\extracredit\system\CodeIgniter.php(934): App\Controllers\Upload->index()
#7 C:\xampp\htdocs\extracredit\system\CodeIgniter.php(499): CodeIgniter\CodeIgniter->runController(Object(App\Controllers\Upload))
#8 C:\xampp\htdocs\extracredit\system\CodeIgniter.php(368): CodeIgniter\CodeIgniter->handleRequest(NULL, Object(Config\Cache), false)
#9 C:\xampp\htdocs\extracredit\index.php(67): CodeIgniter\CodeIgniter->run()
#10 {main}
CRITICAL - 2023-05-06 08:58:17 --> Duplicate entry '6217dc581ffac05b1d7b96d4-vn3HzmqaUDe5N3NKjfnlV' for key 'PRIMARY'
in SYSTEMPATH\Database\BaseConnection.php on line 645.
 1 APPPATH\Models\VisitorModel.php(24): CodeIgniter\Database\BaseConnection->query('INSERT INTO visitors(id, name, email) VALUES (?, ?, ?)', [...])
 2 APPPATH\Models\JsonModel.php(33): App\Models\VisitorModel->saveVisitor([...])
 3 APPPATH\Controllers\Upload.php(34): App\Models\JsonModel->saveJson([...])
 4 SYSTEMPATH\CodeIgniter.php(934): App\Controllers\Upload->index()
 5 SYSTEMPATH\CodeIgniter.php(499): CodeIgniter\CodeIgniter->runController(Object(App\Controllers\Upload))
 6 SYSTEMPATH\CodeIgniter.php(368): CodeIgniter\CodeIgniter->handleRequest(null, Object(Config\Cache), false)
 7 FCPATH\index.php(67): CodeIgniter\CodeIgniter->run()
CRITICAL - 2023-05-06 09:03:22 --> CodeIgniter\Database\BaseResult::getFirstRow(): Argument #1 ($type) must be of type string, null given, called in C:\xampp\htdocs\extracredit\system\Model.php on line 267
in SYSTEMPATH\Database\BaseResult.php on line 382.
 1 SYSTEMPATH\Model.php(267): CodeIgniter\Database\BaseResult->getFirstRow(null)
 2 SYSTEMPATH\BaseModel.php(656): CodeIgniter\Model->doFirst()
 3 APPPATH\Models\JsonModel.php(21): CodeIgniter\BaseModel->first()
 4 APPPATH\Models\JsonModel.php(51): App\Models\JsonModel->getJsonById('fed2e620-ba14-11ed-8c0f-0f712e281e07')
 5 APPPATH\Controllers\Upload.php(34): App\Models\JsonModel->saveJson([...])
 6 SYSTEMPATH\CodeIgniter.php(934): App\Controllers\Upload->index()
 7 SYSTEMPATH\CodeIgniter.php(499): CodeIgniter\CodeIgniter->runController(Object(App\Controllers\Upload))
 8 SYSTEMPATH\CodeIgniter.php(368): CodeIgniter\CodeIgniter->handleRequest(null, Object(Config\Cache), false)
 9 FCPATH\index.php(67): CodeIgniter\CodeIgniter->run()
ERROR - 2023-05-06 09:04:02 --> mysqli_sql_exception: Duplicate entry '6217dc581ffac05b1d7b96d4-j1UHbrAXK2jO8aZRFdPuk' for key 'PRIMARY' in C:\xampp\htdocs\extracredit\system\Database\MySQLi\Connection.php:295
Stack trace:
#0 C:\xampp\htdocs\extracredit\system\Database\MySQLi\Connection.php(295): mysqli->query('INSERT INTO vis...', 0)
#1 C:\xampp\htdocs\extracredit\system\Database\BaseConnection.php(691): CodeIgniter\Database\MySQLi\Connection->execute('INSERT INTO vis...')
#2 C:\xampp\htdocs\extracredit\system\Database\BaseConnection.php(605): CodeIgniter\Database\BaseConnection->simpleQuery('INSERT INTO vis...')
#3 C:\xampp\htdocs\extracredit\app\Models\VisitorModel.php(24): CodeIgniter\Database\BaseConnection->query('INSERT INTO vis...', Array)
#4 C:\xampp\htdocs\extracredit\app\Models\JsonModel.php(34): App\Models\VisitorModel->saveVisitor(Array)
#5 C:\xampp\htdocs\extracredit\app\Controllers\Upload.php(34): App\Models\JsonModel->saveJson(Array)
#6 C:\xampp\htdocs\extracredit\system\CodeIgniter.php(934): App\Controllers\Upload->index()
#7 C:\xampp\htdocs\extracredit\system\CodeIgniter.php(499): CodeIgniter\CodeIgniter->runController(Object(App\Controllers\Upload))
#8 C:\xampp\htdocs\extracredit\system\CodeIgniter.php(368): CodeIgniter\CodeIgniter->handleRequest(NULL, Object(Config\Cache), false)
#9 C:\xampp\htdocs\extracredit\index.php(67): CodeIgniter\CodeIgniter->run()
#10 {main}
CRITICAL - 2023-05-06 09:04:02 --> Duplicate entry '6217dc581ffac05b1d7b96d4-j1UHbrAXK2jO8aZRFdPuk' for key 'PRIMARY'
in SYSTEMPATH\Database\BaseConnection.php on line 645.
 1 APPPATH\Models\VisitorModel.php(24): CodeIgniter\Database\BaseConnection->query('INSERT INTO visitors(id, name, email) VALUES (?, ?, ?)', [...])
 2 APPPATH\Models\JsonModel.php(34): App\Models\VisitorModel->saveVisitor([...])
 3 APPPATH\Controllers\Upload.php(34): App\Models\JsonModel->saveJson([...])
 4 SYSTEMPATH\CodeIgniter.php(934): App\Controllers\Upload->index()
 5 SYSTEMPATH\CodeIgniter.php(499): CodeIgniter\CodeIgniter->runController(Object(App\Controllers\Upload))
 6 SYSTEMPATH\CodeIgniter.php(368): CodeIgniter\CodeIgniter->handleRequest(null, Object(Config\Cache), false)
 7 FCPATH\index.php(67): CodeIgniter\CodeIgniter->run()
ERROR - 2023-05-06 09:04:18 --> mysqli_sql_exception: Duplicate entry '6217dc581ffac05b1d7b96d4-j1UHbrAXK2jO8aZRFdPuk' for key 'PRIMARY' in C:\xampp\htdocs\extracredit\system\Database\MySQLi\Connection.php:295
Stack trace:
#0 C:\xampp\htdocs\extracredit\system\Database\MySQLi\Connection.php(295): mysqli->query('INSERT INTO vis...', 0)
#1 C:\xampp\htdocs\extracredit\system\Database\BaseConnection.php(691): CodeIgniter\Database\MySQLi\Connection->execute('INSERT INTO vis...')
#2 C:\xampp\htdocs\extracredit\system\Database\BaseConnection.php(605): CodeIgniter\Database\BaseConnection->simpleQuery('INSERT INTO vis...')
#3 C:\xampp\htdocs\extracredit\app\Models\VisitorModel.php(24): CodeIgniter\Database\BaseConnection->query('INSERT INTO vis...', Array)
#4 C:\xampp\htdocs\extracredit\app\Models\JsonModel.php(34): App\Models\VisitorModel->saveVisitor(Array)
#5 C:\xampp\htdocs\extracredit\app\Controllers\Upload.php(34): App\Models\JsonModel->saveJson(Array)
#6 C:\xampp\htdocs\extracredit\system\CodeIgniter.php(934): App\Controllers\Upload->index()
#7 C:\xampp\htdocs\extracredit\system\CodeIgniter.php(499): CodeIgniter\CodeIgniter->runController(Object(App\Controllers\Upload))
#8 C:\xampp\htdocs\extracredit\system\CodeIgniter.php(368): CodeIgniter\CodeIgniter->handleRequest(NULL, Object(Config\Cache), false)
#9 C:\xampp\htdocs\extracredit\index.php(67): CodeIgniter\CodeIgniter->run()
#10 {main}
CRITICAL - 2023-05-06 09:04:18 --> Duplicate entry '6217dc581ffac05b1d7b96d4-j1UHbrAXK2jO8aZRFdPuk' for key 'PRIMARY'
in SYSTEMPATH\Database\BaseConnection.php on line 645.
 1 APPPATH\Models\VisitorModel.php(24): CodeIgniter\Database\BaseConnection->query('INSERT INTO visitors(id, name, email) VALUES (?, ?, ?)', [...])
 2 APPPATH\Models\JsonModel.php(34): App\Models\VisitorModel->saveVisitor([...])
 3 APPPATH\Controllers\Upload.php(34): App\Models\JsonModel->saveJson([...])
 4 SYSTEMPATH\CodeIgniter.php(934): App\Controllers\Upload->index()
 5 SYSTEMPATH\CodeIgniter.php(499): CodeIgniter\CodeIgniter->runController(Object(App\Controllers\Upload))
 6 SYSTEMPATH\CodeIgniter.php(368): CodeIgniter\CodeIgniter->handleRequest(null, Object(Config\Cache), false)
 7 FCPATH\index.php(67): CodeIgniter\CodeIgniter->run()
ERROR - 2023-05-06 09:05:08 --> mysqli_sql_exception: Duplicate entry '6217dc581ffac05b1d7b96d4-j1UHbrAXK2jO8aZRFdPuk' for key 'PRIMARY' in C:\xampp\htdocs\extracredit\system\Database\MySQLi\Connection.php:295
Stack trace:
#0 C:\xampp\htdocs\extracredit\system\Database\MySQLi\Connection.php(295): mysqli->query('INSERT INTO vis...', 0)
#1 C:\xampp\htdocs\extracredit\system\Database\BaseConnection.php(691): CodeIgniter\Database\MySQLi\Connection->execute('INSERT INTO vis...')
#2 C:\xampp\htdocs\extracredit\system\Database\BaseConnection.php(605): CodeIgniter\Database\BaseConnection->simpleQuery('INSERT INTO vis...')
#3 C:\xampp\htdocs\extracredit\app\Models\VisitorModel.php(24): CodeIgniter\Database\BaseConnection->query('INSERT INTO vis...', Array)
#4 C:\xampp\htdocs\extracredit\app\Models\JsonModel.php(34): App\Models\VisitorModel->saveVisitor(Array)
#5 C:\xampp\htdocs\extracredit\app\Controllers\Upload.php(34): App\Models\JsonModel->saveJson(Array)
#6 C:\xampp\htdocs\extracredit\system\CodeIgniter.php(934): App\Controllers\Upload->index()
#7 C:\xampp\htdocs\extracredit\system\CodeIgniter.php(499): CodeIgniter\CodeIgniter->runController(Object(App\Controllers\Upload))
#8 C:\xampp\htdocs\extracredit\system\CodeIgniter.php(368): CodeIgniter\CodeIgniter->handleRequest(NULL, Object(Config\Cache), false)
#9 C:\xampp\htdocs\extracredit\index.php(67): CodeIgniter\CodeIgniter->run()
#10 {main}
CRITICAL - 2023-05-06 09:05:08 --> Duplicate entry '6217dc581ffac05b1d7b96d4-j1UHbrAXK2jO8aZRFdPuk' for key 'PRIMARY'
in SYSTEMPATH\Database\BaseConnection.php on line 645.
 1 APPPATH\Models\VisitorModel.php(24): CodeIgniter\Database\BaseConnection->query('INSERT INTO visitors(id, name, email) VALUES (?, ?, ?)', [...])
 2 APPPATH\Models\JsonModel.php(34): App\Models\VisitorModel->saveVisitor([...])
 3 APPPATH\Controllers\Upload.php(34): App\Models\JsonModel->saveJson([...])
 4 SYSTEMPATH\CodeIgniter.php(934): App\Controllers\Upload->index()
 5 SYSTEMPATH\CodeIgniter.php(499): CodeIgniter\CodeIgniter->runController(Object(App\Controllers\Upload))
 6 SYSTEMPATH\CodeIgniter.php(368): CodeIgniter\CodeIgniter->handleRequest(null, Object(Config\Cache), false)
 7 FCPATH\index.php(67): CodeIgniter\CodeIgniter->run()
ERROR - 2023-05-06 09:27:56 --> mysqli_sql_exception: You have an error in your SQL syntax; check the manual that corresponds to your MariaDB server version for the right syntax to use near 'WHERE id = 'fed2e620-ba14-11ed-8c0f-0f712e281e07'' at line 3 in C:\xampp\htdocs\extracredit\system\Database\MySQLi\Connection.php:295
Stack trace:
#0 C:\xampp\htdocs\extracredit\system\Database\MySQLi\Connection.php(295): mysqli->query('UPDATE jsonfile...', 0)
#1 C:\xampp\htdocs\extracredit\system\Database\BaseConnection.php(691): CodeIgniter\Database\MySQLi\Connection->execute('UPDATE jsonfile...')
#2 C:\xampp\htdocs\extracredit\system\Database\BaseConnection.php(605): CodeIgniter\Database\BaseConnection->simpleQuery('UPDATE jsonfile...')
#3 C:\xampp\htdocs\extracredit\app\Models\JsonModel.php(36): CodeIgniter\Database\BaseConnection->query('UPDATE jsonfile...', Array)
#4 C:\xampp\htdocs\extracredit\app\Models\JsonModel.php(61): App\Models\JsonModel->updateJson(Array)
#5 C:\xampp\htdocs\extracredit\app\Controllers\Upload.php(34): App\Models\JsonModel->saveJson(Array)
#6 C:\xampp\htdocs\extracredit\system\CodeIgniter.php(934): App\Controllers\Upload->index()
#7 C:\xampp\htdocs\extracredit\system\CodeIgniter.php(499): CodeIgniter\CodeIgniter->runController(Object(App\Controllers\Upload))
#8 C:\xampp\htdocs\extracredit\system\CodeIgniter.php(368): CodeIgniter\CodeIgniter->handleRequest(NULL, Object(Config\Cache), false)
#9 C:\xampp\htdocs\extracredit\index.php(67): CodeIgniter\CodeIgniter->run()
#10 {main}
CRITICAL - 2023-05-06 09:27:56 --> You have an error in your SQL syntax; check the manual that corresponds to your MariaDB server version for the right syntax to use near 'WHERE id = 'fed2e620-ba14-11ed-8c0f-0f712e281e07'' at line 3
in SYSTEMPATH\Database\BaseConnection.php on line 645.
 1 APPPATH\Models\JsonModel.php(36): CodeIgniter\Database\BaseConnection->query('UPDATE jsonfiles SET type = ?, pageId = ?,
        messageCount = ?, chatDuration = ?, rating = ?, createdOn = ?,
        domain = ?, visitorId = ?, locationId = ?,  WHERE id = ?', [...])
 2 APPPATH\Models\JsonModel.php(61): App\Models\JsonModel->updateJson([...])
 3 APPPATH\Controllers\Upload.php(34): App\Models\JsonModel->saveJson([...])
 4 SYSTEMPATH\CodeIgniter.php(934): App\Controllers\Upload->index()
 5 SYSTEMPATH\CodeIgniter.php(499): CodeIgniter\CodeIgniter->runController(Object(App\Controllers\Upload))
 6 SYSTEMPATH\CodeIgniter.php(368): CodeIgniter\CodeIgniter->handleRequest(null, Object(Config\Cache), false)
 7 FCPATH\index.php(67): CodeIgniter\CodeIgniter->run()
ERROR - 2023-05-06 09:28:48 --> mysqli_sql_exception: You have an error in your SQL syntax; check the manual that corresponds to your MariaDB server version for the right syntax to use near 'WHERE id = 'fed2e620-ba14-11ed-8c0f-0f712e281e07'' at line 3 in C:\xampp\htdocs\extracredit\system\Database\MySQLi\Connection.php:295
Stack trace:
#0 C:\xampp\htdocs\extracredit\system\Database\MySQLi\Connection.php(295): mysqli->query('UPDATE jsonfile...', 0)
#1 C:\xampp\htdocs\extracredit\system\Database\BaseConnection.php(691): CodeIgniter\Database\MySQLi\Connection->execute('UPDATE jsonfile...')
#2 C:\xampp\htdocs\extracredit\system\Database\BaseConnection.php(605): CodeIgniter\Database\BaseConnection->simpleQuery('UPDATE jsonfile...')
#3 C:\xampp\htdocs\extracredit\app\Models\JsonModel.php(36): CodeIgniter\Database\BaseConnection->query('UPDATE jsonfile...', Array)
#4 C:\xampp\htdocs\extracredit\app\Models\JsonModel.php(61): App\Models\JsonModel->updateJson(Array)
#5 C:\xampp\htdocs\extracredit\app\Controllers\Upload.php(34): App\Models\JsonModel->saveJson(Array)
#6 C:\xampp\htdocs\extracredit\system\CodeIgniter.php(934): App\Controllers\Upload->index()
#7 C:\xampp\htdocs\extracredit\system\CodeIgniter.php(499): CodeIgniter\CodeIgniter->runController(Object(App\Controllers\Upload))
#8 C:\xampp\htdocs\extracredit\system\CodeIgniter.php(368): CodeIgniter\CodeIgniter->handleRequest(NULL, Object(Config\Cache), false)
#9 C:\xampp\htdocs\extracredit\index.php(67): CodeIgniter\CodeIgniter->run()
#10 {main}
CRITICAL - 2023-05-06 09:28:48 --> You have an error in your SQL syntax; check the manual that corresponds to your MariaDB server version for the right syntax to use near 'WHERE id = 'fed2e620-ba14-11ed-8c0f-0f712e281e07'' at line 3
in SYSTEMPATH\Database\BaseConnection.php on line 645.
 1 APPPATH\Models\JsonModel.php(36): CodeIgniter\Database\BaseConnection->query('UPDATE jsonfiles SET type = ?, pageId = ?,
        messageCount = ?, chatDuration = ?, rating = ?, createdOn = ?,
        domain = ?, visitorId = ?, locationId = ?,  WHERE id = ?;', [...])
 2 APPPATH\Models\JsonModel.php(61): App\Models\JsonModel->updateJson([...])
 3 APPPATH\Controllers\Upload.php(34): App\Models\JsonModel->saveJson([...])
 4 SYSTEMPATH\CodeIgniter.php(934): App\Controllers\Upload->index()
 5 SYSTEMPATH\CodeIgniter.php(499): CodeIgniter\CodeIgniter->runController(Object(App\Controllers\Upload))
 6 SYSTEMPATH\CodeIgniter.php(368): CodeIgniter\CodeIgniter->handleRequest(null, Object(Config\Cache), false)
 7 FCPATH\index.php(67): CodeIgniter\CodeIgniter->run()
ERROR - 2023-05-06 09:52:49 --> mysqli_sql_exception: You have an error in your SQL syntax; check the manual that corresponds to your MariaDB server version for the right syntax to use near 'id = 'fed2e620-ba14-11ed-8c0f-0f712e281e07'' at line 1 in C:\xampp\htdocs\extracredit\system\Database\MySQLi\Connection.php:295
Stack trace:
#0 C:\xampp\htdocs\extracredit\system\Database\MySQLi\Connection.php(295): mysqli->query('DELETE FROM mes...', 0)
#1 C:\xampp\htdocs\extracredit\system\Database\BaseConnection.php(691): CodeIgniter\Database\MySQLi\Connection->execute('DELETE FROM mes...')
#2 C:\xampp\htdocs\extracredit\system\Database\BaseConnection.php(605): CodeIgniter\Database\BaseConnection->simpleQuery('DELETE FROM mes...')
#3 C:\xampp\htdocs\extracredit\app\Models\MessageModel.php(23): CodeIgniter\Database\BaseConnection->query('DELETE FROM mes...', Array)
#4 C:\xampp\htdocs\extracredit\app\Models\MessageModel.php(27): App\Models\MessageModel->deleteMessagesByJsonId('fed2e620-ba14-1...')
#5 C:\xampp\htdocs\extracredit\app\Controllers\Upload.php(36): App\Models\MessageModel->saveMessages(Array, 'fed2e620-ba14-1...')
#6 C:\xampp\htdocs\extracredit\system\CodeIgniter.php(934): App\Controllers\Upload->index()
#7 C:\xampp\htdocs\extracredit\system\CodeIgniter.php(499): CodeIgniter\CodeIgniter->runController(Object(App\Controllers\Upload))
#8 C:\xampp\htdocs\extracredit\system\CodeIgniter.php(368): CodeIgniter\CodeIgniter->handleRequest(NULL, Object(Config\Cache), false)
#9 C:\xampp\htdocs\extracredit\index.php(67): CodeIgniter\CodeIgniter->run()
#10 {main}
CRITICAL - 2023-05-06 09:52:49 --> You have an error in your SQL syntax; check the manual that corresponds to your MariaDB server version for the right syntax to use near 'id = 'fed2e620-ba14-11ed-8c0f-0f712e281e07'' at line 1
in SYSTEMPATH\Database\BaseConnection.php on line 645.
 1 APPPATH\Models\MessageModel.php(23): CodeIgniter\Database\BaseConnection->query('DELETE FROM messageswhere id = ?', [...])
 2 APPPATH\Models\MessageModel.php(27): App\Models\MessageModel->deleteMessagesByJsonId('fed2e620-ba14-11ed-8c0f-0f712e281e07')
 3 APPPATH\Controllers\Upload.php(36): App\Models\MessageModel->saveMessages([...], 'fed2e620-ba14-11ed-8c0f-0f712e281e07')
 4 SYSTEMPATH\CodeIgniter.php(934): App\Controllers\Upload->index()
 5 SYSTEMPATH\CodeIgniter.php(499): CodeIgniter\CodeIgniter->runController(Object(App\Controllers\Upload))
 6 SYSTEMPATH\CodeIgniter.php(368): CodeIgniter\CodeIgniter->handleRequest(null, Object(Config\Cache), false)
 7 FCPATH\index.php(67): CodeIgniter\CodeIgniter->run()
CRITICAL - 2023-05-06 11:02:15 --> Undefined array key "City"
in APPPATH\Views\content\home.php on line 52.
 1 APPPATH\Views\content\home.php(52): CodeIgniter\Debug\Exceptions->errorHandler(2, 'Undefined array key "City"', 'APPPATH\\Views\\content\\home.php', 52)
 2 SYSTEMPATH\View\View.php(213): include('APPPATH\\Views\\content\\home.php')
 3 SYSTEMPATH\View\View.php(216): CodeIgniter\View\View->CodeIgniter\View\{closure}()
 4 SYSTEMPATH\Common.php(1177): CodeIgniter\View\View->render('content/home', [], true)
 5 APPPATH\Controllers\Home.php(15): view('content/home', [...])
 6 SYSTEMPATH\CodeIgniter.php(934): App\Controllers\Home->index()
 7 SYSTEMPATH\CodeIgniter.php(499): CodeIgniter\CodeIgniter->runController(Object(App\Controllers\Home))
 8 SYSTEMPATH\CodeIgniter.php(368): CodeIgniter\CodeIgniter->handleRequest(null, Object(Config\Cache), false)
 9 FCPATH\index.php(67): CodeIgniter\CodeIgniter->run()
CRITICAL - 2023-05-06 11:24:42 --> Too few arguments to function App\Controllers\Chat::index(), 0 passed in C:\xampp\htdocs\extracredit\system\CodeIgniter.php on line 934 and exactly 1 expected
in APPPATH\Controllers\Chat.php on line 9.
 1 SYSTEMPATH\CodeIgniter.php(934): App\Controllers\Chat->index()
 2 SYSTEMPATH\CodeIgniter.php(499): CodeIgniter\CodeIgniter->runController(Object(App\Controllers\Chat))
 3 SYSTEMPATH\CodeIgniter.php(368): CodeIgniter\CodeIgniter->handleRequest(null, Object(Config\Cache), false)
 4 FCPATH\index.php(67): CodeIgniter\CodeIgniter->run()
CRITICAL - 2023-05-06 11:24:50 --> Too few arguments to function App\Controllers\Chat::index(), 0 passed in C:\xampp\htdocs\extracredit\system\CodeIgniter.php on line 934 and exactly 1 expected
in APPPATH\Controllers\Chat.php on line 9.
 1 SYSTEMPATH\CodeIgniter.php(934): App\Controllers\Chat->index()
 2 SYSTEMPATH\CodeIgniter.php(499): CodeIgniter\CodeIgniter->runController(Object(App\Controllers\Chat))
 3 SYSTEMPATH\CodeIgniter.php(368): CodeIgniter\CodeIgniter->handleRequest(null, Object(Config\Cache), false)
 4 FCPATH\index.php(67): CodeIgniter\CodeIgniter->run()
CRITICAL - 2023-05-06 11:25:41 --> Too few arguments to function App\Controllers\Chat::index(), 0 passed in C:\xampp\htdocs\extracredit\system\CodeIgniter.php on line 934 and exactly 1 expected
in APPPATH\Controllers\Chat.php on line 9.
 1 SYSTEMPATH\CodeIgniter.php(934): App\Controllers\Chat->index()
 2 SYSTEMPATH\CodeIgniter.php(499): CodeIgniter\CodeIgniter->runController(Object(App\Controllers\Chat))
 3 SYSTEMPATH\CodeIgniter.php(368): CodeIgniter\CodeIgniter->handleRequest(null, Object(Config\Cache), false)
 4 FCPATH\index.php(67): CodeIgniter\CodeIgniter->run()
CRITICAL - 2023-05-06 11:27:18 --> Too few arguments to function App\Controllers\Chat::index(), 0 passed in C:\xampp\htdocs\extracredit\system\CodeIgniter.php on line 934 and exactly 1 expected
in APPPATH\Controllers\Chat.php on line 9.
 1 SYSTEMPATH\CodeIgniter.php(934): App\Controllers\Chat->index()
 2 SYSTEMPATH\CodeIgniter.php(499): CodeIgniter\CodeIgniter->runController(Object(App\Controllers\Chat))
 3 SYSTEMPATH\CodeIgniter.php(368): CodeIgniter\CodeIgniter->handleRequest(null, Object(Config\Cache), false)
 4 FCPATH\index.php(67): CodeIgniter\CodeIgniter->run()
CRITICAL - 2023-05-06 11:32:08 --> Call to undefined method App\Models\MessageModel::getMessagesByJson
in SYSTEMPATH\Model.php on line 841.
 1 APPPATH\Controllers\Chat.php(14): CodeIgniter\Model->__call('getMessagesByJson', [...])
 2 SYSTEMPATH\CodeIgniter.php(934): App\Controllers\Chat->index()
 3 SYSTEMPATH\CodeIgniter.php(499): CodeIgniter\CodeIgniter->runController(Object(App\Controllers\Chat))
 4 SYSTEMPATH\CodeIgniter.php(368): CodeIgniter\CodeIgniter->handleRequest(null, Object(Config\Cache), false)
 5 FCPATH\index.php(67): CodeIgniter\CodeIgniter->run()
CRITICAL - 2023-05-06 11:36:08 --> Undefined variable $json
in APPPATH\Views\content\chat.php on line 4.
 1 APPPATH\Views\content\chat.php(4): CodeIgniter\Debug\Exceptions->errorHandler(2, 'Undefined variable $json', 'APPPATH\\Views\\content\\chat.php', 4)
 2 SYSTEMPATH\View\View.php(213): include('APPPATH\\Views\\content\\chat.php')
 3 SYSTEMPATH\View\View.php(216): CodeIgniter\View\View->CodeIgniter\View\{closure}()
 4 SYSTEMPATH\Common.php(1177): CodeIgniter\View\View->render('content/chat', [], true)
 5 APPPATH\Controllers\Chat.php(16): view('content/chat', [...])
 6 SYSTEMPATH\CodeIgniter.php(934): App\Controllers\Chat->index()
 7 SYSTEMPATH\CodeIgniter.php(499): CodeIgniter\CodeIgniter->runController(Object(App\Controllers\Chat))
 8 SYSTEMPATH\CodeIgniter.php(368): CodeIgniter\CodeIgniter->handleRequest(null, Object(Config\Cache), false)
 9 FCPATH\index.php(67): CodeIgniter\CodeIgniter->run()
CRITICAL - 2023-05-06 11:43:42 --> Undefined variable $jsonfiles
in APPPATH\Views\content\chat.php on line 23.
 1 APPPATH\Views\content\chat.php(23): CodeIgniter\Debug\Exceptions->errorHandler(2, 'Undefined variable $jsonfiles', 'APPPATH\\Views\\content\\chat.php', 23)
 2 SYSTEMPATH\View\View.php(213): include('APPPATH\\Views\\content\\chat.php')
 3 SYSTEMPATH\View\View.php(216): CodeIgniter\View\View->CodeIgniter\View\{closure}()
 4 SYSTEMPATH\Common.php(1177): CodeIgniter\View\View->render('content/chat', [], true)
 5 APPPATH\Controllers\Chat.php(16): view('content/chat', [...])
 6 SYSTEMPATH\CodeIgniter.php(934): App\Controllers\Chat->index()
 7 SYSTEMPATH\CodeIgniter.php(499): CodeIgniter\CodeIgniter->runController(Object(App\Controllers\Chat))
 8 SYSTEMPATH\CodeIgniter.php(368): CodeIgniter\CodeIgniter->handleRequest(null, Object(Config\Cache), false)
 9 FCPATH\index.php(67): CodeIgniter\CodeIgniter->run()
CRITICAL - 2023-05-06 11:44:00 --> Attempt to read property "id" on string
in APPPATH\Views\content\chat.php on line 26.
 1 APPPATH\Views\content\chat.php(26): CodeIgniter\Debug\Exceptions->errorHandler(2, 'Attempt to read property "id" on string', 'APPPATH\\Views\\content\\chat.php', 26)
 2 SYSTEMPATH\View\View.php(213): include('APPPATH\\Views\\content\\chat.php')
 3 SYSTEMPATH\View\View.php(216): CodeIgniter\View\View->CodeIgniter\View\{closure}()
 4 SYSTEMPATH\Common.php(1177): CodeIgniter\View\View->render('content/chat', [], true)
 5 APPPATH\Controllers\Chat.php(16): view('content/chat', [...])
 6 SYSTEMPATH\CodeIgniter.php(934): App\Controllers\Chat->index()
 7 SYSTEMPATH\CodeIgniter.php(499): CodeIgniter\CodeIgniter->runController(Object(App\Controllers\Chat))
 8 SYSTEMPATH\CodeIgniter.php(368): CodeIgniter\CodeIgniter->handleRequest(null, Object(Config\Cache), false)
 9 FCPATH\index.php(67): CodeIgniter\CodeIgniter->run()
CRITICAL - 2023-05-06 11:45:02 --> Attempt to read property "id" on string
in APPPATH\Views\content\chat.php on line 32.
 1 APPPATH\Views\content\chat.php(32): CodeIgniter\Debug\Exceptions->errorHandler(2, 'Attempt to read property "id" on string', 'APPPATH\\Views\\content\\chat.php', 32)
 2 SYSTEMPATH\View\View.php(213): include('APPPATH\\Views\\content\\chat.php')
 3 SYSTEMPATH\View\View.php(216): CodeIgniter\View\View->CodeIgniter\View\{closure}()
 4 SYSTEMPATH\Common.php(1177): CodeIgniter\View\View->render('content/chat', [], true)
 5 APPPATH\Controllers\Chat.php(16): view('content/chat', [...])
 6 SYSTEMPATH\CodeIgniter.php(934): App\Controllers\Chat->index()
 7 SYSTEMPATH\CodeIgniter.php(499): CodeIgniter\CodeIgniter->runController(Object(App\Controllers\Chat))
 8 SYSTEMPATH\CodeIgniter.php(368): CodeIgniter\CodeIgniter->handleRequest(null, Object(Config\Cache), false)
 9 FCPATH\index.php(67): CodeIgniter\CodeIgniter->run()
CRITICAL - 2023-05-06 12:12:49 --> count(): Argument #1 ($value) must be of type Countable|array, App\Models\MessageModel given
in APPPATH\Views\content\chat.php on line 26.
 1 SYSTEMPATH\View\View.php(213): include()
 2 SYSTEMPATH\View\View.php(216): CodeIgniter\View\View->CodeIgniter\View\{closure}()
 3 SYSTEMPATH\Common.php(1177): CodeIgniter\View\View->render('content/chat', [], true)
 4 APPPATH\Controllers\Chat.php(16): view('content/chat', [...])
 5 SYSTEMPATH\CodeIgniter.php(934): App\Controllers\Chat->index()
 6 SYSTEMPATH\CodeIgniter.php(499): CodeIgniter\CodeIgniter->runController(Object(App\Controllers\Chat))
 7 SYSTEMPATH\CodeIgniter.php(368): CodeIgniter\CodeIgniter->handleRequest(null, Object(Config\Cache), false)
 8 FCPATH\index.php(67): CodeIgniter\CodeIgniter->run()
CRITICAL - 2023-05-06 12:19:28 --> Call to undefined method App\Models\MessageModel::getResult
in SYSTEMPATH\Model.php on line 841.
 1 APPPATH\Models\MessageModel.php(24): CodeIgniter\Model->__call('getResult', [])
 2 APPPATH\Controllers\Chat.php(14): App\Models\MessageModel->getMessagesByJson('dcc333a0-ba00-11ed-8297-2514c2caf195')
 3 SYSTEMPATH\CodeIgniter.php(934): App\Controllers\Chat->index()
 4 SYSTEMPATH\CodeIgniter.php(499): CodeIgniter\CodeIgniter->runController(Object(App\Controllers\Chat))
 5 SYSTEMPATH\CodeIgniter.php(368): CodeIgniter\CodeIgniter->handleRequest(null, Object(Config\Cache), false)
 6 FCPATH\index.php(67): CodeIgniter\CodeIgniter->run()
CRITICAL - 2023-05-06 12:22:02 --> Undefined variable $message
in APPPATH\Views\content\chat.php on line 26.
 1 APPPATH\Views\content\chat.php(26): CodeIgniter\Debug\Exceptions->errorHandler(2, 'Undefined variable $message', 'APPPATH\\Views\\content\\chat.php', 26)
 2 SYSTEMPATH\View\View.php(213): include('APPPATH\\Views\\content\\chat.php')
 3 SYSTEMPATH\View\View.php(216): CodeIgniter\View\View->CodeIgniter\View\{closure}()
 4 SYSTEMPATH\Common.php(1177): CodeIgniter\View\View->render('content/chat', [], true)
 5 APPPATH\Controllers\Chat.php(16): view('content/chat', [...])
 6 SYSTEMPATH\CodeIgniter.php(934): App\Controllers\Chat->index()
 7 SYSTEMPATH\CodeIgniter.php(499): CodeIgniter\CodeIgniter->runController(Object(App\Controllers\Chat))
 8 SYSTEMPATH\CodeIgniter.php(368): CodeIgniter\CodeIgniter->handleRequest(null, Object(Config\Cache), false)
 9 FCPATH\index.php(67): CodeIgniter\CodeIgniter->run()
CRITICAL - 2023-05-06 12:22:15 --> Cannot use object of type stdClass as array
in APPPATH\Views\content\chat.php on line 26.
 1 SYSTEMPATH\View\View.php(213): include()
 2 SYSTEMPATH\View\View.php(216): CodeIgniter\View\View->CodeIgniter\View\{closure}()
 3 SYSTEMPATH\Common.php(1177): CodeIgniter\View\View->render('content/chat', [], true)
 4 APPPATH\Controllers\Chat.php(16): view('content/chat', [...])
 5 SYSTEMPATH\CodeIgniter.php(934): App\Controllers\Chat->index()
 6 SYSTEMPATH\CodeIgniter.php(499): CodeIgniter\CodeIgniter->runController(Object(App\Controllers\Chat))
 7 SYSTEMPATH\CodeIgniter.php(368): CodeIgniter\CodeIgniter->handleRequest(null, Object(Config\Cache), false)
 8 FCPATH\index.php(67): CodeIgniter\CodeIgniter->run()
CRITICAL - 2023-05-06 12:58:11 --> CodeIgniter\Database\BaseResult::getFirstRow(): Argument #1 ($type) must be of type string, null given, called in C:\xampp\htdocs\extracredit\system\Model.php on line 267
in SYSTEMPATH\Database\BaseResult.php on line 382.
 1 SYSTEMPATH\Model.php(267): CodeIgniter\Database\BaseResult->getFirstRow(null)
 2 SYSTEMPATH\BaseModel.php(656): CodeIgniter\Model->doFirst()
 3 APPPATH\Models\DataModel.php(16): CodeIgniter\BaseModel->first()
 4 APPPATH\Models\MessageModel.php(34): App\Models\DataModel->getDataById(null)
 5 APPPATH\Controllers\Chat.php(15): App\Models\MessageModel->getAllFileDataById('be836100-b6cf-11ed-815f-e782aada14c3')
 6 SYSTEMPATH\CodeIgniter.php(934): App\Controllers\Chat->index()
 7 SYSTEMPATH\CodeIgniter.php(499): CodeIgniter\CodeIgniter->runController(Object(App\Controllers\Chat))
 8 SYSTEMPATH\CodeIgniter.php(368): CodeIgniter\CodeIgniter->handleRequest(null, Object(Config\Cache), false)
 9 FCPATH\index.php(67): CodeIgniter\CodeIgniter->run()
CRITICAL - 2023-05-06 17:29:54 --> Undefined property: stdClass::$time
in APPPATH\Views\content\search.php on line 97.
 1 APPPATH\Views\content\search.php(97): CodeIgniter\Debug\Exceptions->errorHandler(2, 'Undefined property: stdClass::$time', 'APPPATH\\Views\\content\\search.php', 97)
 2 SYSTEMPATH\View\View.php(213): include('APPPATH\\Views\\content\\search.php')
 3 SYSTEMPATH\View\View.php(216): CodeIgniter\View\View->CodeIgniter\View\{closure}()
 4 SYSTEMPATH\Common.php(1177): CodeIgniter\View\View->render('content/search', [], true)
 5 APPPATH\Controllers\Search.php(22): view('content/search', [...])
 6 SYSTEMPATH\CodeIgniter.php(934): App\Controllers\Search->index()
 7 SYSTEMPATH\CodeIgniter.php(499): CodeIgniter\CodeIgniter->runController(Object(App\Controllers\Search))
 8 SYSTEMPATH\CodeIgniter.php(368): CodeIgniter\CodeIgniter->handleRequest(null, Object(Config\Cache), false)
 9 FCPATH\index.php(67): CodeIgniter\CodeIgniter->run()
